<?xml version="1.0" encoding="UTF-8"?>
<testsuite xmlns:xsi="http://www.w3.org/2001/XMLSchema-instance" xsi:noNamespaceSchemaLocation="https://maven.apache.org/surefire/maven-surefire-plugin/xsd/surefire-test-report.xsd" name="com.dorisdb.DorisGenericSinkITTest" time="3.758" tests="2" errors="0" skipped="0" failures="0">
  <properties>
[...]
</properties>
  <testcase name="testBatchSink" classname="com.dorisdb.DorisGenericSinkITTest" time="3.699"/>
  <testcase name="testSinkCommonProperties" classname="com.dorisdb.DorisGenericSinkITTest" time="0.009"/>
</testsuite>